mode: set
github.com/soOwasTaken/awesome-api/main.go:13.13,15.43 2 0
github.com/soOwasTaken/awesome-api/main.go:18.2,21.57 2 0
github.com/soOwasTaken/awesome-api/main.go:15.43,17.3 1 0
github.com/soOwasTaken/awesome-api/main.go:24.32,35.2 4 0
github.com/soOwasTaken/awesome-api/main.go:37.65,45.2 2 0
github.com/soOwasTaken/awesome-api/main.go:47.59,55.25 4 1
github.com/soOwasTaken/awesome-api/main.go:65.2,65.16 1 1
github.com/soOwasTaken/awesome-api/main.go:71.2,74.56 2 1
github.com/soOwasTaken/awesome-api/main.go:56.9,58.17 1 0
github.com/soOwasTaken/awesome-api/main.go:59.10,61.23 1 1
github.com/soOwasTaken/awesome-api/main.go:65.16,68.3 2 0
